[debug] [2018-11-08T22:15:26.762Z] ----------------------------------------------------------------------
[debug] [2018-11-08T22:15:26.764Z] Command:       /Users/stevenchen/.nvm/versions/node/v8.11.1/bin/node /usr/local/bin/firebase deploy
[debug] [2018-11-08T22:15:26.764Z] CLI Version:   3.17.4
[debug] [2018-11-08T22:15:26.764Z] Platform:      darwin
[debug] [2018-11-08T22:15:26.764Z] Node Version:  v8.11.1
[debug] [2018-11-08T22:15:26.765Z] Time:          Thu Nov 08 2018 17:15:26 GMT-0500 (EST)
[debug] [2018-11-08T22:15:26.765Z] ----------------------------------------------------------------------
[debug] 
[debug] [2018-11-08T22:15:26.777Z] > command requires scopes: ["email","openid","https://www.googleapis.com/auth/cloudplatformprojects.readonly","https://www.googleapis.com/auth/firebase","https://www.googleapis.com/auth/cloud-platform"]
[debug] [2018-11-08T22:15:26.778Z] > authorizing via signed-in user
[debug] [2018-11-08T22:15:26.779Z] > refreshing access token with scopes: ["email","https://www.googleapis.com/auth/cloud-platform","https://www.googleapis.com/auth/cloudplatformprojects.readonly","https://www.googleapis.com/auth/firebase","openid"]
[debug] [2018-11-08T22:15:26.779Z] >>> HTTP REQUEST POST https://www.googleapis.com/oauth2/v3/token  
 { refresh_token: '1/yVBHiDuL21vGpLH_C4FPc8Mj8tlK4zHm2nsryqdW7z0',
  client_id: '563584335869-fgrhgmd47bqnekij5i8b5pr03ho849e6.apps.googleusercontent.com',
  client_secret: 'j9iVZfS8kkCEFUPaAeJV0sAi',
  grant_type: 'refresh_token',
  scope: 'email https://www.googleapis.com/auth/cloud-platform https://www.googleapis.com/auth/cloudplatformprojects.readonly https://www.googleapis.com/auth/firebase openid' } 
 Thu Nov 08 2018 17:15:26 GMT-0500 (EST)
[debug] [2018-11-08T22:15:26.976Z] <<< HTTP RESPONSE 200
[debug] [2018-11-08T22:15:26.984Z] >>> HTTP REQUEST GET https://admin.firebase.com/v1/projects/kumo-5aa27  
  
 Thu Nov 08 2018 17:15:26 GMT-0500 (EST)
[debug] [2018-11-08T22:15:27.261Z] <<< HTTP RESPONSE 200
[debug] [2018-11-08T22:15:27.262Z] >>> HTTP REQUEST GET https://admin.firebase.com/v1/database/kumo-5aa27/tokens  
  
 Thu Nov 08 2018 17:15:27 GMT-0500 (EST)
[debug] [2018-11-08T22:15:27.596Z] <<< HTTP RESPONSE 200
[info] 
[info] === Deploying to 'kumo-5aa27'...
[info] 
[info] i  deploying database, storage, functions, hosting
[info] i  database: checking rules syntax...
[debug] [2018-11-08T22:15:27.952Z] >>> HTTP REQUEST PUT https://kumo-5aa27.firebaseio.com/.settings/rules.json?dryRun=true  
 {
  "rules": {
    ".read": true,
    ".write": "auth != null"
  }
}
 
 Thu Nov 08 2018 17:15:27 GMT-0500 (EST)
[debug] [2018-11-08T22:15:28.525Z] <<< HTTP RESPONSE 200
[info] ✔  database: rules syntax for database kumo-5aa27 is valid
[debug] [2018-11-08T22:15:28.526Z] >>> HTTP REQUEST GET https://appengine.googleapis.com/v1/apps/kumo-5aa27  
  
 Thu Nov 08 2018 17:15:28 GMT-0500 (EST)
[debug] [2018-11-08T22:15:28.876Z] <<< HTTP RESPONSE 200
[info] i  storage: checking storage.rules for compilation errors...
[debug] [2018-11-08T22:15:28.879Z] >>> HTTP REQUEST POST https://firebaserules.googleapis.com/v1/projects/kumo-5aa27:test  
 { source: { files: [ [Object] ] } } 
 Thu Nov 08 2018 17:15:28 GMT-0500 (EST)
[debug] [2018-11-08T22:15:29.087Z] <<< HTTP RESPONSE 200
[info] ✔  storage: rules file storage.rules compiled successfully
[debug] [2018-11-08T22:15:29.090Z] > [functions] package.json contents: {
  "name": "functions",
  "description": "Cloud Functions for Firebase",
  "scripts": {
    "serve": "firebase serve --only functions",
    "shell": "firebase functions:shell",
    "start": "npm run shell",
    "deploy": "firebase deploy --only functions",
    "logs": "firebase functions:log"
  },
  "dependencies": {
    "@google-cloud/storage": "^2.3.0",
    "child-process-promise": "^2.2.1",
    "firebase-admin": "~6.0.0",
    "firebase-functions": "^2.0.3"
  },
  "private": true
}
[info] i  functions: ensuring necessary APIs are enabled...
[debug] [2018-11-08T22:15:29.091Z] >>> HTTP REQUEST GET https://servicemanagement.googleapis.com/v1/services/cloudfunctions.googleapis.com/projectSettings/kumo-5aa27?view=CONSUMER_VIEW  
  
 Thu Nov 08 2018 17:15:29 GMT-0500 (EST)
[debug] [2018-11-08T22:15:29.091Z] >>> HTTP REQUEST GET https://servicemanagement.googleapis.com/v1/services/runtimeconfig.googleapis.com/projectSettings/kumo-5aa27?view=CONSUMER_VIEW  
  
 Thu Nov 08 2018 17:15:29 GMT-0500 (EST)
[debug] [2018-11-08T22:15:29.854Z] <<< HTTP RESPONSE 200
[debug] [2018-11-08T22:15:29.881Z] <<< HTTP RESPONSE 200
[info] ✔  functions: all necessary APIs are enabled
[debug] [2018-11-08T22:15:29.882Z] >>> HTTP REQUEST GET https://appengine.googleapis.com/v1/apps/kumo-5aa27  
  
 Thu Nov 08 2018 17:15:29 GMT-0500 (EST)
[debug] [2018-11-08T22:15:29.882Z] >>> HTTP REQUEST GET https://apikeys.googleapis.com/v1/projects/kumo-5aa27/apiKeys  
  
 Thu Nov 08 2018 17:15:29 GMT-0500 (EST)
[debug] [2018-11-08T22:15:30.135Z] <<< HTTP RESPONSE 200
[debug] [2018-11-08T22:15:30.207Z] <<< HTTP RESPONSE 200
[info] i  storage: uploading rules storage.rules...
[debug] [2018-11-08T22:15:30.211Z] >>> HTTP REQUEST POST https://firebaserules.googleapis.com/v1/projects/kumo-5aa27/rulesets  
 { source: { files: [ [Object] ] } } 
 Thu Nov 08 2018 17:15:30 GMT-0500 (EST)
[debug] [2018-11-08T22:15:30.582Z] <<< HTTP RESPONSE 200
[debug] [2018-11-08T22:15:30.583Z] [rules] created ruleset projects/kumo-5aa27/rulesets/510c3747-7f62-4928-860d-37b68ef2effa
[info] i  functions: preparing functions directory for uploading...
[debug] [2018-11-08T22:15:30.584Z] >>> HTTP REQUEST GET https://runtimeconfig.googleapis.com/v1beta1/projects/kumo-5aa27/configs  
  
 Thu Nov 08 2018 17:15:30 GMT-0500 (EST)
[debug] [2018-11-08T22:15:30.841Z] <<< HTTP RESPONSE 200
[info] i  functions: packaged functions (45.47 KB) for uploading
[debug] [2018-11-08T22:15:31.539Z] >>> HTTP REQUEST GET https://www.googleapis.com/storage/v1/b/staging.kumo-5aa27.appspot.com  
  
 Thu Nov 08 2018 17:15:31 GMT-0500 (EST)
[debug] [2018-11-08T22:15:31.696Z] <<< HTTP RESPONSE 200
[debug] [2018-11-08T22:15:31.697Z] >>> HTTP REQUEST POST https://www.googleapis.com/upload/storage/v1/b/staging.kumo-5aa27.appspot.com/o?uploadType=media&name=firebase-functions-source  
 ReadStream {
  _readableState: 
   ReadableState {
     objectMode: false,
     highWaterMark: 65536,
     buffer: BufferList { head: [Object], tail: [Object], length: 1 },
     length: 46559,
     pipes: null,
     pipesCount: 0,
     flowing: null,
     ended: true,
     endEmitted: false,
     reading: false,
     sync: false,
     needReadable: false,
     emittedReadable: true,
     readableListening: false,
     resumeScheduled: false,
     destroyed: false,
     defaultEncoding: 'utf8',
     awaitDrain: 0,
     readingMore: false,
     decoder: null,
     encoding: null },
  readable: true,
  domain: null,
  _events: { end: [Function] },
  _eventsCount: 1,
  _maxListeners: undefined,
  path: '/var/folders/g_/jbqwbb990wgffj63khnczp580000gn/T/firebase-functions-3820NUT0ZAJciw4D.zip',
  fd: 19,
  flags: 'r',
  mode: 438,
  start: 0,
  end: Infinity,
  autoClose: true,
  pos: 131072,
  bytesRead: 46559 } 
 Thu Nov 08 2018 17:15:31 GMT-0500 (EST)
[debug] [2018-11-08T22:15:32.150Z] <<< HTTP RESPONSE 200
[info] ✔  functions: functions folder uploaded successfully
[info] i  hosting: preparing build directory for upload...
[debug] [2018-11-08T22:15:32.838Z] >>> HTTP REQUEST PUT https://deploy.firebase.com/v1/hosting/kumo-5aa27/uploads/-LQpOFGtITemEXSuE75D?fileCount=22&message=  
  
 Thu Nov 08 2018 17:15:32 GMT-0500 (EST)
[debug] [2018-11-08T22:15:34.238Z] <<< HTTP RESPONSE 410
[debug] [2018-11-08T22:15:34.238Z] <<< HTTP RESPONSE BODY undefined
[debug] [2018-11-08T22:15:34.239Z] TypeError: Cannot read property 'error' of undefined
    at module.exports (/usr/local/lib/node_modules/firebase-tools/lib/responseToError.js:10:13)
    at Request._callback (/usr/local/lib/node_modules/firebase-tools/lib/api.js:45:25)
    at Request.self.callback (/usr/local/lib/node_modules/firebase-tools/node_modules/request/request.js:186:22)
    at emitTwo (events.js:126:13)
    at Request.emit (events.js:214:7)
    at Request.<anonymous> (/usr/local/lib/node_modules/firebase-tools/node_modules/request/request.js:1163:10)
    at emitOne (events.js:116:13)
    at Request.emit (events.js:211:7)
    at IncomingMessage.<anonymous> (/usr/local/lib/node_modules/firebase-tools/node_modules/request/request.js:1085:12)
    at Object.onceWrapper (events.js:313:30)
[error] 
[error] Error: An unexpected error has occurred.
[debug] [2018-11-08T22:18:34.257Z] ----------------------------------------------------------------------
[debug] [2018-11-08T22:18:34.259Z] Command:       /Users/stevenchen/.nvm/versions/node/v8.11.1/bin/node /usr/local/bin/firebase deploy
[debug] [2018-11-08T22:18:34.259Z] CLI Version:   3.17.4
[debug] [2018-11-08T22:18:34.259Z] Platform:      darwin
[debug] [2018-11-08T22:18:34.259Z] Node Version:  v8.11.1
[debug] [2018-11-08T22:18:34.260Z] Time:          Thu Nov 08 2018 17:18:34 GMT-0500 (EST)
[debug] [2018-11-08T22:18:34.260Z] ----------------------------------------------------------------------
[debug] 
[debug] [2018-11-08T22:18:34.272Z] > command requires scopes: ["email","openid","https://www.googleapis.com/auth/cloudplatformprojects.readonly","https://www.googleapis.com/auth/firebase","https://www.googleapis.com/auth/cloud-platform"]
[debug] [2018-11-08T22:18:34.272Z] > authorizing via signed-in user
[debug] [2018-11-08T22:18:34.274Z] >>> HTTP REQUEST GET https://admin.firebase.com/v1/projects/kumo-5aa27  
  
 Thu Nov 08 2018 17:18:34 GMT-0500 (EST)
[debug] [2018-11-08T22:18:34.598Z] <<< HTTP RESPONSE 200
[debug] [2018-11-08T22:18:34.599Z] >>> HTTP REQUEST GET https://admin.firebase.com/v1/database/kumo-5aa27/tokens  
  
 Thu Nov 08 2018 17:18:34 GMT-0500 (EST)
[debug] [2018-11-08T22:18:34.876Z] <<< HTTP RESPONSE 200
[info] 
[info] === Deploying to 'kumo-5aa27'...
[info] 
[info] i  deploying database, storage, functions, hosting
[info] i  database: checking rules syntax...
[debug] [2018-11-08T22:18:35.264Z] >>> HTTP REQUEST PUT https://kumo-5aa27.firebaseio.com/.settings/rules.json?dryRun=true  
 {
  "rules": {
    ".read": true,
    ".write": "auth != null"
  }
}
 
 Thu Nov 08 2018 17:18:35 GMT-0500 (EST)
[debug] [2018-11-08T22:18:35.574Z] <<< HTTP RESPONSE 200
[info] ✔  database: rules syntax for database kumo-5aa27 is valid
[debug] [2018-11-08T22:18:35.576Z] >>> HTTP REQUEST GET https://appengine.googleapis.com/v1/apps/kumo-5aa27  
  
 Thu Nov 08 2018 17:18:35 GMT-0500 (EST)
[debug] [2018-11-08T22:18:35.983Z] <<< HTTP RESPONSE 200
[info] i  storage: checking storage.rules for compilation errors...
[debug] [2018-11-08T22:18:35.985Z] >>> HTTP REQUEST POST https://firebaserules.googleapis.com/v1/projects/kumo-5aa27:test  
 { source: { files: [ [Object] ] } } 
 Thu Nov 08 2018 17:18:35 GMT-0500 (EST)
[debug] [2018-11-08T22:18:36.225Z] <<< HTTP RESPONSE 200
[info] ✔  storage: rules file storage.rules compiled successfully
[debug] [2018-11-08T22:18:36.228Z] > [functions] package.json contents: {
  "name": "functions",
  "description": "Cloud Functions for Firebase",
  "scripts": {
    "serve": "firebase serve --only functions",
    "shell": "firebase functions:shell",
    "start": "npm run shell",
    "deploy": "firebase deploy --only functions",
    "logs": "firebase functions:log"
  },
  "dependencies": {
    "@google-cloud/storage": "^2.3.0",
    "child-process-promise": "^2.2.1",
    "firebase-admin": "~6.0.0",
    "firebase-functions": "^2.0.3"
  },
  "private": true
}
[info] i  functions: ensuring necessary APIs are enabled...
[debug] [2018-11-08T22:18:36.229Z] >>> HTTP REQUEST GET https://servicemanagement.googleapis.com/v1/services/cloudfunctions.googleapis.com/projectSettings/kumo-5aa27?view=CONSUMER_VIEW  
  
 Thu Nov 08 2018 17:18:36 GMT-0500 (EST)
[debug] [2018-11-08T22:18:36.230Z] >>> HTTP REQUEST GET https://servicemanagement.googleapis.com/v1/services/runtimeconfig.googleapis.com/projectSettings/kumo-5aa27?view=CONSUMER_VIEW  
  
 Thu Nov 08 2018 17:18:36 GMT-0500 (EST)
[debug] [2018-11-08T22:18:36.838Z] <<< HTTP RESPONSE 200
[debug] [2018-11-08T22:18:37.022Z] <<< HTTP RESPONSE 200
[info] ✔  functions: all necessary APIs are enabled
[debug] [2018-11-08T22:18:37.023Z] >>> HTTP REQUEST GET https://appengine.googleapis.com/v1/apps/kumo-5aa27  
  
 Thu Nov 08 2018 17:18:37 GMT-0500 (EST)
[debug] [2018-11-08T22:18:37.024Z] >>> HTTP REQUEST GET https://apikeys.googleapis.com/v1/projects/kumo-5aa27/apiKeys  
  
 Thu Nov 08 2018 17:18:37 GMT-0500 (EST)
[debug] [2018-11-08T22:18:37.285Z] <<< HTTP RESPONSE 200
[debug] [2018-11-08T22:18:37.383Z] <<< HTTP RESPONSE 200
[info] i  storage: uploading rules storage.rules...
[debug] [2018-11-08T22:18:37.386Z] >>> HTTP REQUEST POST https://firebaserules.googleapis.com/v1/projects/kumo-5aa27/rulesets  
 { source: { files: [ [Object] ] } } 
 Thu Nov 08 2018 17:18:37 GMT-0500 (EST)
[debug] [2018-11-08T22:18:37.755Z] <<< HTTP RESPONSE 200
[debug] [2018-11-08T22:18:37.755Z] [rules] created ruleset projects/kumo-5aa27/rulesets/7bf58486-7118-4ed7-96a8-ad649ffcbc39
[info] i  functions: preparing functions directory for uploading...
[debug] [2018-11-08T22:18:37.757Z] >>> HTTP REQUEST GET https://runtimeconfig.googleapis.com/v1beta1/projects/kumo-5aa27/configs  
  
 Thu Nov 08 2018 17:18:37 GMT-0500 (EST)
[debug] [2018-11-08T22:18:38.030Z] <<< HTTP RESPONSE 200
[info] i  functions: packaged functions (45.47 KB) for uploading
[debug] [2018-11-08T22:18:38.712Z] >>> HTTP REQUEST GET https://www.googleapis.com/storage/v1/b/staging.kumo-5aa27.appspot.com  
  
 Thu Nov 08 2018 17:18:38 GMT-0500 (EST)
[debug] [2018-11-08T22:18:38.860Z] <<< HTTP RESPONSE 200
[debug] [2018-11-08T22:18:38.861Z] >>> HTTP REQUEST POST https://www.googleapis.com/upload/storage/v1/b/staging.kumo-5aa27.appspot.com/o?uploadType=media&name=firebase-functions-source  
 ReadStream {
  _readableState: 
   ReadableState {
     objectMode: false,
     highWaterMark: 65536,
     buffer: BufferList { head: [Object], tail: [Object], length: 1 },
     length: 46559,
     pipes: null,
     pipesCount: 0,
     flowing: null,
     ended: true,
     endEmitted: false,
     reading: false,
     sync: false,
     needReadable: false,
     emittedReadable: true,
     readableListening: false,
     resumeScheduled: false,
     destroyed: false,
     defaultEncoding: 'utf8',
     awaitDrain: 0,
     readingMore: false,
     decoder: null,
     encoding: null },
  readable: true,
  domain: null,
  _events: { end: [Function] },
  _eventsCount: 1,
  _maxListeners: undefined,
  path: '/var/folders/g_/jbqwbb990wgffj63khnczp580000gn/T/firebase-functions-38494W7nJmVUEMnw.zip',
  fd: 19,
  flags: 'r',
  mode: 438,
  start: 0,
  end: Infinity,
  autoClose: true,
  pos: 131072,
  bytesRead: 46559 } 
 Thu Nov 08 2018 17:18:38 GMT-0500 (EST)
[debug] [2018-11-08T22:18:39.426Z] <<< HTTP RESPONSE 200
[info] ✔  functions: functions folder uploaded successfully
[info] i  hosting: preparing build directory for upload...
[debug] [2018-11-08T22:18:40.113Z] >>> HTTP REQUEST PUT https://deploy.firebase.com/v1/hosting/kumo-5aa27/uploads/-LQpOxyX-k60or1WJdHs?fileCount=22&message=  
  
 Thu Nov 08 2018 17:18:40 GMT-0500 (EST)
[debug] [2018-11-08T22:18:41.330Z] <<< HTTP RESPONSE 410
[debug] [2018-11-08T22:18:41.331Z] <<< HTTP RESPONSE BODY undefined
[debug] [2018-11-08T22:18:41.332Z] TypeError: Cannot read property 'error' of undefined
    at module.exports (/usr/local/lib/node_modules/firebase-tools/lib/responseToError.js:10:13)
    at Request._callback (/usr/local/lib/node_modules/firebase-tools/lib/api.js:45:25)
    at Request.self.callback (/usr/local/lib/node_modules/firebase-tools/node_modules/request/request.js:186:22)
    at emitTwo (events.js:126:13)
    at Request.emit (events.js:214:7)
    at Request.<anonymous> (/usr/local/lib/node_modules/firebase-tools/node_modules/request/request.js:1163:10)
    at emitOne (events.js:116:13)
    at Request.emit (events.js:211:7)
    at IncomingMessage.<anonymous> (/usr/local/lib/node_modules/firebase-tools/node_modules/request/request.js:1085:12)
    at Object.onceWrapper (events.js:313:30)
[error] 
[error] Error: An unexpected error has occurred.
